app/build/intermediates/manifest_merge_blame_file/debug/processDebugMainManifest/manifest-merger-blame-debug-report.txt
1<?xml version="1.0" encoding="utf-8"?>
2<manifest xmlns:android="http://schemas.android.com/apk/res/android"
3    package="com.myprojects.expense_tracking"
4    android:versionCode="1"
5    android:versionName="1.0" >
6
7    <uses-sdk
8        android:minSdkVersion="19"
9        android:targetSdkVersion="33" />
10
11    <uses-permission android:name="android.permission.CALL_PHONE" />
11-->src\main\AndroidManifest.xml:4:5-69
11-->src\main\AndroidManifest.xml:4:22-66
12    <uses-permission android:name="android.permission.READ_EXTERNAL_STORAGE" />
12-->src\main\AndroidManifest.xml:5:5-80
12-->src\main\AndroidManifest.xml:5:22-77
13    <uses-permission android:name="android.permission.WRITE_EXTERNAL_STORAGE" />
13-->src\main\AndroidManifest.xml:6:5-81
13-->src\main\AndroidManifest.xml:6:22-78
14    <uses-permission android:name="android.permission.WRITE_SMS" />
14-->src\main\AndroidManifest.xml:7:5-68
14-->src\main\AndroidManifest.xml:7:22-65
15    <uses-permission android:name="android.permission.READ_SMS" />
15-->src\main\AndroidManifest.xml:8:5-67
15-->src\main\AndroidManifest.xml:8:22-64
16    <uses-permission android:name="android.permission.RECEIVE_SMS" />
16-->src\main\AndroidManifest.xml:9:5-70
16-->src\main\AndroidManifest.xml:9:22-67
17    <uses-permission android:name="android.permission.INTERNET" />
17-->[com.firebaseui:firebase-ui-database:4.3.2] AndroidManifest.xml:11:5-67
17-->[com.firebaseui:firebase-ui-database:4.3.2] AndroidManifest.xml:11:22-64
18    <uses-permission android:name="android.permission.ACCESS_NETWORK_STATE" />
18-->[com.google.firebase:firebase-auth:22.3.1] AndroidManifest.xml:26:5-79
18-->[com.google.firebase:firebase-auth:22.3.1] AndroidManifest.xml:26:22-76
19    <uses-permission android:name="android.permission.POST_NOTIFICATIONS" />
19-->[com.google.firebase:firebase-messaging:23.4.1] AndroidManifest.xml:23:5-77
19-->[com.google.firebase:firebase-messaging:23.4.1] AndroidManifest.xml:23:22-74
20    <uses-permission android:name="android.permission.WAKE_LOCK" /> <!-- Required by older versions of Google Play services to create IID tokens -->
20-->[com.google.firebase:firebase-messaging:23.4.1] AndroidManifest.xml:24:5-68
20-->[com.google.firebase:firebase-messaging:23.4.1] AndroidManifest.xml:24:22-65
21    <uses-permission android:name="com.google.android.c2dm.permission.RECEIVE" />
21-->[com.google.firebase:firebase-messaging:23.4.1] AndroidManifest.xml:26:5-82
21-->[com.google.firebase:firebase-messaging:23.4.1] AndroidManifest.xml:26:22-79
22    <uses-permission android:name="com.google.android.finsky.permission.BIND_GET_INSTALL_REFERRER_SERVICE" />
22-->[com.google.android.gms:play-services-measurement:21.5.1] AndroidManifest.xml:26:5-110
22-->[com.google.android.gms:play-services-measurement:21.5.1] AndroidManifest.xml:26:22-107
23    <uses-permission android:name="com.google.android.gms.permission.AD_ID" />
23-->[com.google.android.gms:play-services-measurement-api:21.5.1] AndroidManifest.xml:25:5-79
23-->[com.google.android.gms:play-services-measurement-api:21.5.1] AndroidManifest.xml:25:22-76
24    <uses-permission android:name="android.permission.ACCESS_ADSERVICES_ATTRIBUTION" />
24-->[com.google.android.gms:play-services-measurement-api:21.5.1] AndroidManifest.xml:26:5-88
24-->[com.google.android.gms:play-services-measurement-api:21.5.1] AndroidManifest.xml:26:22-85
25    <uses-permission android:name="android.permission.ACCESS_ADSERVICES_AD_ID" />
25-->[com.google.android.gms:play-services-measurement-api:21.5.1] AndroidManifest.xml:27:5-82
25-->[com.google.android.gms:play-services-measurement-api:21.5.1] AndroidManifest.xml:27:22-79
26    <uses-permission android:name="com.google.android.providers.gsf.permission.READ_GSERVICES" />
26-->[com.google.android.recaptcha:recaptcha:18.4.0] AndroidManifest.xml:9:5-98
26-->[com.google.android.recaptcha:recaptcha:18.4.0] AndroidManifest.xml:9:22-95
27
28    <permission
28-->[androidx.core:core:1.9.0] AndroidManifest.xml:22:5-24:47
29        android:name="com.myprojects.expense_tracking.DYNAMIC_RECEIVER_NOT_EXPORTED_PERMISSION"
29-->[androidx.core:core:1.9.0] AndroidManifest.xml:23:9-81
30        android:protectionLevel="signature" />
30-->[androidx.core:core:1.9.0] AndroidManifest.xml:24:9-44
31
32    <uses-permission android:name="com.myprojects.expense_tracking.DYNAMIC_RECEIVER_NOT_EXPORTED_PERMISSION" />
32-->[androidx.core:core:1.9.0] AndroidManifest.xml:26:5-97
32-->[androidx.core:core:1.9.0] AndroidManifest.xml:26:22-94
33
34    <application
34-->src\main\AndroidManifest.xml:11:5-64:19
35        android:allowBackup="true"
35-->src\main\AndroidManifest.xml:12:9-35
36        android:appComponentFactory="androidx.core.app.CoreComponentFactory"
36-->[androidx.core:core:1.9.0] AndroidManifest.xml:28:18-86
37        android:debuggable="true"
38        android:extractNativeLibs="true"
39        android:icon="@mipmap/ic_launcher"
39-->src\main\AndroidManifest.xml:13:9-43
40        android:label="@string/app_name"
40-->src\main\AndroidManifest.xml:14:9-41
41        android:roundIcon="@mipmap/ic_launcher_round"
41-->src\main\AndroidManifest.xml:15:9-54
42        android:supportsRtl="true"
42-->src\main\AndroidManifest.xml:16:9-35
43        android:testOnly="true"
44        android:theme="@style/AppTheme" >
44-->src\main\AndroidManifest.xml:17:9-40
45        <activity
45-->src\main\AndroidManifest.xml:18:9-20:40
46            android:name="com.myprojects.expense_tracking.InputActivity"
46-->src\main\AndroidManifest.xml:19:13-42
47            android:exported="false" />
47-->src\main\AndroidManifest.xml:20:13-37
48        <activity android:name="com.myprojects.expense_tracking.ColorName" />
48-->src\main\AndroidManifest.xml:21:9-47
48-->src\main\AndroidManifest.xml:21:19-44
49
50        <receiver
50-->src\main\AndroidManifest.xml:23:9-30:20
51            android:name="com.myprojects.expense_tracking.SmsBroadcastReceiver"
51-->src\main\AndroidManifest.xml:24:13-49
52            android:enabled="true"
52-->src\main\AndroidManifest.xml:25:13-35
53            android:exported="true" >
53-->src\main\AndroidManifest.xml:26:13-36
54            <intent-filter android:priority="999" >
54-->src\main\AndroidManifest.xml:27:13-29:29
54-->src\main\AndroidManifest.xml:27:28-50
55                <action android:name="android.provider.Telephony.SMS_RECEIVED" />
55-->src\main\AndroidManifest.xml:28:17-82
55-->src\main\AndroidManifest.xml:28:25-79
56            </intent-filter>
57        </receiver>
58
59        <activity android:name="com.myprojects.expense_tracking.smsActivity" />
59-->src\main\AndroidManifest.xml:32:9-49
59-->src\main\AndroidManifest.xml:32:19-46
60        <activity android:name="com.myprojects.expense_tracking.FaqActivity" />
60-->src\main\AndroidManifest.xml:33:9-49
60-->src\main\AndroidManifest.xml:33:19-46
61        <activity android:name="com.myprojects.expense_tracking.AccountActivity" />
61-->src\main\AndroidManifest.xml:34:9-53
61-->src\main\AndroidManifest.xml:34:19-50
62        <activity android:name="com.myprojects.expense_tracking.HistoryActivity" />
62-->src\main\AndroidManifest.xml:35:9-53
62-->src\main\AndroidManifest.xml:35:19-50
63        <activity android:name="com.myprojects.expense_tracking.MonthlyAnalyticsActivity" />
63-->src\main\AndroidManifest.xml:36:9-62
63-->src\main\AndroidManifest.xml:36:19-59
64        <activity android:name="com.myprojects.expense_tracking.WeeklyAnalyticsActivity" />
64-->src\main\AndroidManifest.xml:37:9-61
64-->src\main\AndroidManifest.xml:37:19-58
65        <activity android:name="com.myprojects.expense_tracking.DailyAnalyticsActivity" />
65-->src\main\AndroidManifest.xml:38:9-60
65-->src\main\AndroidManifest.xml:38:19-57
66        <activity android:name="com.myprojects.expense_tracking.ChooseSpendingActivity" />
66-->src\main\AndroidManifest.xml:39:9-60
66-->src\main\AndroidManifest.xml:39:19-57
67        <activity android:name="com.myprojects.expense_tracking.ChooseAnalyticActivity" />
67-->src\main\AndroidManifest.xml:40:9-60
67-->src\main\AndroidManifest.xml:40:19-57
68        <activity android:name="com.myprojects.expense_tracking.WeekSpendingActivity" />
68-->src\main\AndroidManifest.xml:41:9-58
68-->src\main\AndroidManifest.xml:41:19-55
69        <activity android:name="com.myprojects.expense_tracking.TodaySpendingActivity" />
69-->src\main\AndroidManifest.xml:42:9-59
69-->src\main\AndroidManifest.xml:42:19-56
70        <activity android:name="com.myprojects.expense_tracking.BudgetActivity" />
70-->src\main\AndroidManifest.xml:43:9-52
70-->src\main\AndroidManifest.xml:43:19-49
71        <activity android:name="com.myprojects.expense_tracking.SignupActivity" />
71-->src\main\AndroidManifest.xml:44:9-52
71-->src\main\AndroidManifest.xml:44:19-49
72        <activity android:name="com.myprojects.expense_tracking.LoginActivity" />
72-->src\main\AndroidManifest.xml:45:9-51
72-->src\main\AndroidManifest.xml:45:19-48
73        <activity
73-->src\main\AndroidManifest.xml:46:9-54:20
74            android:name="com.myprojects.expense_tracking.SplashActivity"
74-->src\main\AndroidManifest.xml:47:13-43
75            android:exported="true" >
75-->src\main\AndroidManifest.xml:48:13-36
76            <intent-filter>
76-->src\main\AndroidManifest.xml:49:13-53:29
77                <action android:name="android.intent.action.MAIN" />
77-->src\main\AndroidManifest.xml:50:17-69
77-->src\main\AndroidManifest.xml:50:25-66
78
79                <category android:name="android.intent.category.LAUNCHER" />
79-->src\main\AndroidManifest.xml:52:17-77
79-->src\main\AndroidManifest.xml:52:27-74
80            </intent-filter>
81        </activity>
82        <activity android:name="com.myprojects.expense_tracking.MainActivity" />
82-->src\main\AndroidManifest.xml:55:9-50
82-->src\main\AndroidManifest.xml:55:19-47
83
84        <service
84-->src\main\AndroidManifest.xml:57:9-63:19
85            android:name="com.myprojects.expense_tracking.MyFirebaseMessagingService"
85-->src\main\AndroidManifest.xml:58:13-55
86            android:exported="false" >
86-->src\main\AndroidManifest.xml:59:13-37
87            <intent-filter>
87-->src\main\AndroidManifest.xml:60:13-62:29
88                <action android:name="com.google.firebase.MESSAGING_EVENT" />
88-->src\main\AndroidManifest.xml:61:17-78
88-->src\main\AndroidManifest.xml:61:25-75
89            </intent-filter>
90        </service>
91
92        <activity
92-->[com.google.firebase:firebase-auth:22.3.1] AndroidManifest.xml:29:9-46:20
93            android:name="com.google.firebase.auth.internal.GenericIdpActivity"
93-->[com.google.firebase:firebase-auth:22.3.1] AndroidManifest.xml:30:13-80
94            android:excludeFromRecents="true"
94-->[com.google.firebase:firebase-auth:22.3.1] AndroidManifest.xml:31:13-46
95            android:exported="true"
95-->[com.google.firebase:firebase-auth:22.3.1] AndroidManifest.xml:32:13-36
96            android:launchMode="singleTask"
96-->[com.google.firebase:firebase-auth:22.3.1] AndroidManifest.xml:33:13-44
97            android:theme="@android:style/Theme.Translucent.NoTitleBar" >
97-->[com.google.firebase:firebase-auth:22.3.1] AndroidManifest.xml:34:13-72
98            <intent-filter>
98-->[com.google.firebase:firebase-auth:22.3.1] AndroidManifest.xml:35:13-45:29
99                <action android:name="android.intent.action.VIEW" />
99-->[com.google.firebase:firebase-auth:22.3.1] AndroidManifest.xml:36:17-69
99-->[com.google.firebase:firebase-auth:22.3.1] AndroidManifest.xml:36:25-66
100
101                <category android:name="android.intent.category.DEFAULT" />
101-->[com.google.firebase:firebase-auth:22.3.1] AndroidManifest.xml:38:17-76
101-->[com.google.firebase:firebase-auth:22.3.1] AndroidManifest.xml:38:27-73
102                <category android:name="android.intent.category.BROWSABLE" />
102-->[com.google.firebase:firebase-auth:22.3.1] AndroidManifest.xml:39:17-78
102-->[com.google.firebase:firebase-auth:22.3.1] AndroidManifest.xml:39:27-75
103
104                <data
104-->[com.google.firebase:firebase-auth:22.3.1] AndroidManifest.xml:41:17-44:51
105                    android:host="firebase.auth"
105-->[com.google.firebase:firebase-auth:22.3.1] AndroidManifest.xml:42:21-49
106                    android:path="/"
106-->[com.google.firebase:firebase-auth:22.3.1] AndroidManifest.xml:43:21-37
107                    android:scheme="genericidp" />
107-->[com.google.firebase:firebase-auth:22.3.1] AndroidManifest.xml:44:21-48
108            </intent-filter>
109        </activity>
110        <activity
110-->[com.google.firebase:firebase-auth:22.3.1] AndroidManifest.xml:47:9-64:20
111            android:name="com.google.firebase.auth.internal.RecaptchaActivity"
111-->[com.google.firebase:firebase-auth:22.3.1] AndroidManifest.xml:48:13-79
112            android:excludeFromRecents="true"
112-->[com.google.firebase:firebase-auth:22.3.1] AndroidManifest.xml:49:13-46
113            android:exported="true"
113-->[com.google.firebase:firebase-auth:22.3.1] AndroidManifest.xml:50:13-36
114            android:launchMode="singleTask"
114-->[com.google.firebase:firebase-auth:22.3.1] AndroidManifest.xml:51:13-44
115            android:theme="@android:style/Theme.Translucent.NoTitleBar" >
115-->[com.google.firebase:firebase-auth:22.3.1] AndroidManifest.xml:52:13-72
116            <intent-filter>
116-->[com.google.firebase:firebase-auth:22.3.1] AndroidManifest.xml:53:13-63:29
117                <action android:name="android.intent.action.VIEW" />
117-->[com.google.firebase:firebase-auth:22.3.1] AndroidManifest.xml:36:17-69
117-->[com.google.firebase:firebase-auth:22.3.1] AndroidManifest.xml:36:25-66
118
119                <category android:name="android.intent.category.DEFAULT" />
119-->[com.google.firebase:firebase-auth:22.3.1] AndroidManifest.xml:38:17-76
119-->[com.google.firebase:firebase-auth:22.3.1] AndroidManifest.xml:38:27-73
120                <category android:name="android.intent.category.BROWSABLE" />
120-->[com.google.firebase:firebase-auth:22.3.1] AndroidManifest.xml:39:17-78
120-->[com.google.firebase:firebase-auth:22.3.1] AndroidManifest.xml:39:27-75
121
122                <data
122-->[com.google.firebase:firebase-auth:22.3.1] AndroidManifest.xml:41:17-44:51
123                    android:host="firebase.auth"
123-->[com.google.firebase:firebase-auth:22.3.1] AndroidManifest.xml:42:21-49
124                    android:path="/"
124-->[com.google.firebase:firebase-auth:22.3.1] AndroidManifest.xml:43:21-37
125                    android:scheme="recaptcha" />
125-->[com.google.firebase:firebase-auth:22.3.1] AndroidManifest.xml:44:21-48
126            </intent-filter>
127        </activity>
128
129        <service
129-->[com.google.firebase:firebase-auth:22.3.1] AndroidManifest.xml:66:9-72:19
130            android:name="com.google.firebase.components.ComponentDiscoveryService"
130-->[com.google.firebase:firebase-auth:22.3.1] AndroidManifest.xml:67:13-84
131            android:directBootAware="true"
131-->[com.google.firebase:firebase-common:20.4.2] AndroidManifest.xml:32:13-43
132            android:exported="false" >
132-->[com.google.firebase:firebase-auth:22.3.1] AndroidManifest.xml:68:13-37
133            <meta-data
133-->[com.google.firebase:firebase-auth:22.3.1] AndroidManifest.xml:69:13-71:85
134                android:name="com.google.firebase.components:com.google.firebase.auth.FirebaseAuthRegistrar"
134-->[com.google.firebase:firebase-auth:22.3.1] AndroidManifest.xml:70:17-109
135                android:value="com.google.firebase.components.ComponentRegistrar" />
135-->[com.google.firebase:firebase-auth:22.3.1] AndroidManifest.xml:71:17-82
136            <meta-data
136-->[com.google.firebase:firebase-database:20.3.1] AndroidManifest.xml:29:13-31:85
137                android:name="com.google.firebase.components:com.google.firebase.database.FirebaseDatabaseKtxRegistrar"
137-->[com.google.firebase:firebase-database:20.3.1] AndroidManifest.xml:30:17-120
138                android:value="com.google.firebase.components.ComponentRegistrar" />
138-->[com.google.firebase:firebase-database:20.3.1] AndroidManifest.xml:31:17-82
139            <meta-data
139-->[com.google.firebase:firebase-database:20.3.1] AndroidManifest.xml:32:13-34:85
140                android:name="com.google.firebase.components:com.google.firebase.database.DatabaseRegistrar"
140-->[com.google.firebase:firebase-database:20.3.1] AndroidManifest.xml:33:17-109
141                android:value="com.google.firebase.components.ComponentRegistrar" />
141-->[com.google.firebase:firebase-database:20.3.1] AndroidManifest.xml:34:17-82
142            <meta-data
142-->[com.google.firebase:firebase-messaging:23.4.1] AndroidManifest.xml:57:13-59:85
143                android:name="com.google.firebase.components:com.google.firebase.messaging.FirebaseMessagingKtxRegistrar"
143-->[com.google.firebase:firebase-messaging:23.4.1] AndroidManifest.xml:58:17-122
144                android:value="com.google.firebase.components.ComponentRegistrar" />
144-->[com.google.firebase:firebase-messaging:23.4.1] AndroidManifest.xml:59:17-82
145            <meta-data
145-->[com.google.firebase:firebase-messaging:23.4.1] AndroidManifest.xml:60:13-62:85
146                android:name="com.google.firebase.components:com.google.firebase.messaging.FirebaseMessagingRegistrar"
146-->[com.google.firebase:firebase-messaging:23.4.1] AndroidManifest.xml:61:17-119
147                android:value="com.google.firebase.components.ComponentRegistrar" />
147-->[com.google.firebase:firebase-messaging:23.4.1] AndroidManifest.xml:62:17-82
148            <meta-data
148-->[com.google.android.gms:play-services-measurement-api:21.5.1] AndroidManifest.xml:37:13-39:85
149                android:name="com.google.firebase.components:com.google.firebase.analytics.connector.internal.AnalyticsConnectorRegistrar"
149-->[com.google.android.gms:play-services-measurement-api:21.5.1] AndroidManifest.xml:38:17-139
150                android:value="com.google.firebase.components.ComponentRegistrar" />
150-->[com.google.android.gms:play-services-measurement-api:21.5.1] AndroidManifest.xml:39:17-82
151            <meta-data
151-->[com.google.firebase:firebase-installations:17.2.0] AndroidManifest.xml:15:13-17:85
152                android:name="com.google.firebase.components:com.google.firebase.installations.FirebaseInstallationsKtxRegistrar"
152-->[com.google.firebase:firebase-installations:17.2.0] AndroidManifest.xml:16:17-130
153                android:value="com.google.firebase.components.ComponentRegistrar" />
153-->[com.google.firebase:firebase-installations:17.2.0] AndroidManifest.xml:17:17-82
154            <meta-data
154-->[com.google.firebase:firebase-installations:17.2.0] AndroidManifest.xml:18:13-20:85
155                android:name="com.google.firebase.components:com.google.firebase.installations.FirebaseInstallationsRegistrar"
155-->[com.google.firebase:firebase-installations:17.2.0] AndroidManifest.xml:19:17-127
156                android:value="com.google.firebase.components.ComponentRegistrar" />
156-->[com.google.firebase:firebase-installations:17.2.0] AndroidManifest.xml:20:17-82
157            <meta-data
157-->[com.google.firebase:firebase-common-ktx:20.4.2] AndroidManifest.xml:12:13-14:85
158                android:name="com.google.firebase.components:com.google.firebase.ktx.FirebaseCommonLegacyRegistrar"
158-->[com.google.firebase:firebase-common-ktx:20.4.2] AndroidManifest.xml:13:17-116
159                android:value="com.google.firebase.components.ComponentRegistrar" />
159-->[com.google.firebase:firebase-common-ktx:20.4.2] AndroidManifest.xml:14:17-82
160            <meta-data
160-->[com.google.firebase:firebase-common:20.4.2] AndroidManifest.xml:35:13-37:85
161                android:name="com.google.firebase.components:com.google.firebase.FirebaseCommonKtxRegistrar"
161-->[com.google.firebase:firebase-common:20.4.2] AndroidManifest.xml:36:17-109
162                android:value="com.google.firebase.components.ComponentRegistrar" />
162-->[com.google.firebase:firebase-common:20.4.2] AndroidManifest.xml:37:17-82
163            <meta-data
163-->[com.google.firebase:firebase-datatransport:18.1.7] AndroidManifest.xml:27:13-29:85
164                android:name="com.google.firebase.components:com.google.firebase.datatransport.TransportRegistrar"
164-->[com.google.firebase:firebase-datatransport:18.1.7] AndroidManifest.xml:28:17-115
165                android:value="com.google.firebase.components.ComponentRegistrar" />
165-->[com.google.firebase:firebase-datatransport:18.1.7] AndroidManifest.xml:29:17-82
166        </service>
167
168        <receiver
168-->[com.google.firebase:firebase-messaging:23.4.1] AndroidManifest.xml:29:9-40:20
169            android:name="com.google.firebase.iid.FirebaseInstanceIdReceiver"
169-->[com.google.firebase:firebase-messaging:23.4.1] AndroidManifest.xml:30:13-78
170            android:exported="true"
170-->[com.google.firebase:firebase-messaging:23.4.1] AndroidManifest.xml:31:13-36
171            android:permission="com.google.android.c2dm.permission.SEND" >
171-->[com.google.firebase:firebase-messaging:23.4.1] AndroidManifest.xml:32:13-73
172            <intent-filter>
172-->[com.google.firebase:firebase-messaging:23.4.1] AndroidManifest.xml:33:13-35:29
173                <action android:name="com.google.android.c2dm.intent.RECEIVE" />
173-->[com.google.firebase:firebase-messaging:23.4.1] AndroidManifest.xml:34:17-81
173-->[com.google.firebase:firebase-messaging:23.4.1] AndroidManifest.xml:34:25-78
174            </intent-filter>
175
176            <meta-data
176-->[com.google.firebase:firebase-messaging:23.4.1] AndroidManifest.xml:37:13-39:40
177                android:name="com.google.android.gms.cloudmessaging.FINISHED_AFTER_HANDLED"
177-->[com.google.firebase:firebase-messaging:23.4.1] AndroidManifest.xml:38:17-92
178                android:value="true" />
178-->[com.google.firebase:firebase-messaging:23.4.1] AndroidManifest.xml:39:17-37
179        </receiver>
180        <!--
181             FirebaseMessagingService performs security checks at runtime,
182             but set to not exported to explicitly avoid allowing another app to call it.
183        -->
184        <service
184-->[com.google.firebase:firebase-messaging:23.4.1] AndroidManifest.xml:46:9-53:19
185            android:name="com.google.firebase.messaging.FirebaseMessagingService"
185-->[com.google.firebase:firebase-messaging:23.4.1] AndroidManifest.xml:47:13-82
186            android:directBootAware="true"
186-->[com.google.firebase:firebase-messaging:23.4.1] AndroidManifest.xml:48:13-43
187            android:exported="false" >
187-->[com.google.firebase:firebase-messaging:23.4.1] AndroidManifest.xml:49:13-37
188            <intent-filter android:priority="-500" >
188-->src\main\AndroidManifest.xml:60:13-62:29
189                <action android:name="com.google.firebase.MESSAGING_EVENT" />
189-->src\main\AndroidManifest.xml:61:17-78
189-->src\main\AndroidManifest.xml:61:25-75
190            </intent-filter>
191        </service>
192
193        <activity
193-->[com.google.android.gms:play-services-base:18.1.0] AndroidManifest.xml:20:9-22:45
194            android:name="com.google.android.gms.common.api.GoogleApiActivity"
194-->[com.google.android.gms:play-services-base:18.1.0] AndroidManifest.xml:20:19-85
195            android:exported="false"
195-->[com.google.android.gms:play-services-base:18.1.0] AndroidManifest.xml:22:19-43
196            android:theme="@android:style/Theme.Translucent.NoTitleBar" />
196-->[com.google.android.gms:play-services-base:18.1.0] AndroidManifest.xml:21:19-78
197
198        <receiver
198-->[com.google.android.gms:play-services-measurement:21.5.1] AndroidManifest.xml:29:9-33:20
199            android:name="com.google.android.gms.measurement.AppMeasurementReceiver"
199-->[com.google.android.gms:play-services-measurement:21.5.1] AndroidManifest.xml:30:13-85
200            android:enabled="true"
200-->[com.google.android.gms:play-services-measurement:21.5.1] AndroidManifest.xml:31:13-35
201            android:exported="false" >
201-->[com.google.android.gms:play-services-measurement:21.5.1] AndroidManifest.xml:32:13-37
202        </receiver>
203
204        <service
204-->[com.google.android.gms:play-services-measurement:21.5.1] AndroidManifest.xml:35:9-38:40
205            android:name="com.google.android.gms.measurement.AppMeasurementService"
205-->[com.google.android.gms:play-services-measurement:21.5.1] AndroidManifest.xml:36:13-84
206            android:enabled="true"
206-->[com.google.android.gms:play-services-measurement:21.5.1] AndroidManifest.xml:37:13-35
207            android:exported="false" />
207-->[com.google.android.gms:play-services-measurement:21.5.1] AndroidManifest.xml:38:13-37
208        <service
208-->[com.google.android.gms:play-services-measurement:21.5.1] AndroidManifest.xml:39:9-43:72
209            android:name="com.google.android.gms.measurement.AppMeasurementJobService"
209-->[com.google.android.gms:play-services-measurement:21.5.1] AndroidManifest.xml:40:13-87
210            android:enabled="true"
210-->[com.google.android.gms:play-services-measurement:21.5.1] AndroidManifest.xml:41:13-35
211            android:exported="false"
211-->[com.google.android.gms:play-services-measurement:21.5.1] AndroidManifest.xml:42:13-37
212            android:permission="android.permission.BIND_JOB_SERVICE" />
212-->[com.google.android.gms:play-services-measurement:21.5.1] AndroidManifest.xml:43:13-69
213
214        <property
214-->[com.google.android.gms:play-services-measurement-api:21.5.1] AndroidManifest.xml:30:9-32:61
215            android:name="android.adservices.AD_SERVICES_CONFIG"
215-->[com.google.android.gms:play-services-measurement-api:21.5.1] AndroidManifest.xml:31:13-65
216            android:resource="@xml/ga_ad_services_config" />
216-->[com.google.android.gms:play-services-measurement-api:21.5.1] AndroidManifest.xml:32:13-58
217
218        <provider
218-->[com.google.firebase:firebase-common:20.4.2] AndroidManifest.xml:23:9-28:39
219            android:name="com.google.firebase.provider.FirebaseInitProvider"
219-->[com.google.firebase:firebase-common:20.4.2] AndroidManifest.xml:24:13-77
220            android:authorities="com.myprojects.expense_tracking.firebaseinitprovider"
220-->[com.google.firebase:firebase-common:20.4.2] AndroidManifest.xml:25:13-72
221            android:directBootAware="true"
221-->[com.google.firebase:firebase-common:20.4.2] AndroidManifest.xml:26:13-43
222            android:exported="false"
222-->[com.google.firebase:firebase-common:20.4.2] AndroidManifest.xml:27:13-37
223            android:initOrder="100" />
223-->[com.google.firebase:firebase-common:20.4.2] AndroidManifest.xml:28:13-36
224        <provider
224-->[androidx.emoji2:emoji2:1.0.0] AndroidManifest.xml:26:9-34:20
225            android:name="androidx.startup.InitializationProvider"
225-->[androidx.emoji2:emoji2:1.0.0] AndroidManifest.xml:27:13-67
226            android:authorities="com.myprojects.expense_tracking.androidx-startup"
226-->[androidx.emoji2:emoji2:1.0.0] AndroidManifest.xml:28:13-68
227            android:exported="false" >
227-->[androidx.emoji2:emoji2:1.0.0] AndroidManifest.xml:29:13-37
228            <meta-data
228-->[androidx.emoji2:emoji2:1.0.0] AndroidManifest.xml:31:13-33:52
229                android:name="androidx.emoji2.text.EmojiCompatInitializer"
229-->[androidx.emoji2:emoji2:1.0.0] AndroidManifest.xml:32:17-75
230                android:value="androidx.startup" />
230-->[androidx.emoji2:emoji2:1.0.0] AndroidManifest.xml:33:17-49
231            <meta-data
231-->[androidx.lifecycle:lifecycle-process:2.6.1] AndroidManifest.xml:29:13-31:52
232                android:name="androidx.lifecycle.ProcessLifecycleInitializer"
232-->[androidx.lifecycle:lifecycle-process:2.6.1] AndroidManifest.xml:30:17-78
233                android:value="androidx.startup" />
233-->[androidx.lifecycle:lifecycle-process:2.6.1] AndroidManifest.xml:31:17-49
234            <meta-data
234-->[androidx.profileinstaller:profileinstaller:1.3.0] AndroidManifest.xml:29:13-31:52
235                android:name="androidx.profileinstaller.ProfileInstallerInitializer"
235-->[androidx.profileinstaller:profileinstaller:1.3.0] AndroidManifest.xml:30:17-85
236                android:value="androidx.startup" />
236-->[androidx.profileinstaller:profileinstaller:1.3.0] AndroidManifest.xml:31:17-49
237        </provider>
238
239        <uses-library
239-->[androidx.privacysandbox.ads:ads-adservices:1.0.0-beta05] AndroidManifest.xml:23:9-25:40
240            android:name="android.ext.adservices"
240-->[androidx.privacysandbox.ads:ads-adservices:1.0.0-beta05] AndroidManifest.xml:24:13-50
241            android:required="false" />
241-->[androidx.privacysandbox.ads:ads-adservices:1.0.0-beta05] AndroidManifest.xml:25:13-37
242
243        <meta-data
243-->[com.google.android.gms:play-services-basement:18.3.0] AndroidManifest.xml:21:9-23:69
244            android:name="com.google.android.gms.version"
244-->[com.google.android.gms:play-services-basement:18.3.0] AndroidManifest.xml:22:13-58
245            android:value="@integer/google_play_services_version" />
245-->[com.google.android.gms:play-services-basement:18.3.0] AndroidManifest.xml:23:13-66
246
247        <service
247-->[com.google.android.datatransport:transport-backend-cct:3.1.8] AndroidManifest.xml:28:9-34:19
248            android:name="com.google.android.datatransport.runtime.backends.TransportBackendDiscovery"
248-->[com.google.android.datatransport:transport-backend-cct:3.1.8] AndroidManifest.xml:29:13-103
249            android:exported="false" >
249-->[com.google.android.datatransport:transport-backend-cct:3.1.8] AndroidManifest.xml:30:13-37
250            <meta-data
250-->[com.google.android.datatransport:transport-backend-cct:3.1.8] AndroidManifest.xml:31:13-33:39